000 (16884156.000.000) 05/11 14:30:46 Job submitted from host: <10.14.0.19:28446?addrs=10.14.0.19-28446>
    DAG Node: 4238ea1f5dafa3ef91deca499c48b56e
...
001 (16884156.000.000) 05/11 14:31:12 Job executing on host: <10.14.2.148:55982?addrs=10.14.2.148-55982>
...
006 (16884156.000.000) 05/11 14:31:20 Image size of job updated: 9148
	9  -  MemoryUsage of job (MB)
	9004  -  ResidentSetSize of job (KB)
...
006 (16884156.000.000) 05/11 14:36:20 Image size of job updated: 11256
	11  -  MemoryUsage of job (MB)
	11108  -  ResidentSetSize of job (KB)
...
006 (16884156.000.000) 05/11 14:41:21 Image size of job updated: 11888
	12  -  MemoryUsage of job (MB)
	11736  -  ResidentSetSize of job (KB)
...
006 (16884156.000.000) 05/11 14:46:22 Image size of job updated: 18740
	19  -  MemoryUsage of job (MB)
	18588  -  ResidentSetSize of job (KB)
...
006 (16884156.000.000) 05/11 14:51:13 Image size of job updated: 30788
	19  -  MemoryUsage of job (MB)
	18588  -  ResidentSetSize of job (KB)
...
005 (16884156.000.000) 05/11 14:51:13 Job terminated.
	(1) Normal termination (return value 0)
		Usr 0 00:19:29, Sys 0 00:00:04  -  Run Remote Usage
		Usr 0 00:00:00, Sys 0 00:00:00  -  Run Local Usage
		Usr 0 00:19:29, Sys 0 00:00:04  -  Total Remote Usage
		Usr 0 00:00:00, Sys 0 00:00:00  -  Total Local Usage
	0  -  Run Bytes Sent By Job
	0  -  Run Bytes Received By Job
	0  -  Total Bytes Sent By Job
	0  -  Total Bytes Received By Job
	Partitionable Resources :    Usage  Request Allocated
	   Cpus                 :                 1         1
	   Disk (KB)            :     1000     1000    463299
	   Memory (MB)          :       19        1       800
...
