000 (16884157.000.000) 05/11 14:30:46 Job submitted from host: <10.14.0.19:28446?addrs=10.14.0.19-28446>
    DAG Node: da38b60a8658e41f219f03f457fd77b4
...
001 (16884157.000.000) 05/11 14:31:12 Job executing on host: <10.14.2.208:7508?addrs=10.14.2.208-7508>
...
006 (16884157.000.000) 05/11 14:31:20 Image size of job updated: 11756
	9  -  MemoryUsage of job (MB)
	8972  -  ResidentSetSize of job (KB)
...
006 (16884157.000.000) 05/11 14:36:20 Image size of job updated: 29008
	26  -  MemoryUsage of job (MB)
	26224  -  ResidentSetSize of job (KB)
...
006 (16884157.000.000) 05/11 14:41:21 Image size of job updated: 29508
	27  -  MemoryUsage of job (MB)
	26712  -  ResidentSetSize of job (KB)
...
006 (16884157.000.000) 05/11 14:46:22 Image size of job updated: 29936
	27  -  MemoryUsage of job (MB)
	27136  -  ResidentSetSize of job (KB)
...
006 (16884157.000.000) 05/11 14:51:22 Image size of job updated: 31812
	29  -  MemoryUsage of job (MB)
	29012  -  ResidentSetSize of job (KB)
...
006 (16884157.000.000) 05/11 14:56:23 Image size of job updated: 32232
	29  -  MemoryUsage of job (MB)
	29432  -  ResidentSetSize of job (KB)
...
006 (16884157.000.000) 05/11 15:01:24 Image size of job updated: 32880
	30  -  MemoryUsage of job (MB)
	29892  -  ResidentSetSize of job (KB)
...
006 (16884157.000.000) 05/11 15:06:24 Image size of job updated: 39568
	36  -  MemoryUsage of job (MB)
	36580  -  ResidentSetSize of job (KB)
...
006 (16884157.000.000) 05/11 15:11:24 Image size of job updated: 79668
	75  -  MemoryUsage of job (MB)
	76680  -  ResidentSetSize of job (KB)
...
006 (16884157.000.000) 05/11 15:16:25 Image size of job updated: 80152
	76  -  MemoryUsage of job (MB)
	77164  -  ResidentSetSize of job (KB)
...
006 (16884157.000.000) 05/11 15:21:25 Image size of job updated: 80944
	77  -  MemoryUsage of job (MB)
	77956  -  ResidentSetSize of job (KB)
...
006 (16884157.000.000) 05/11 15:26:25 Image size of job updated: 82484
	78  -  MemoryUsage of job (MB)
	79496  -  ResidentSetSize of job (KB)
...
006 (16884157.000.000) 05/11 15:31:26 Image size of job updated: 82632
	78  -  MemoryUsage of job (MB)
	79644  -  ResidentSetSize of job (KB)
...
006 (16884157.000.000) 05/11 15:36:26 Image size of job updated: 82784
	78  -  MemoryUsage of job (MB)
	79796  -  ResidentSetSize of job (KB)
...
006 (16884157.000.000) 05/11 15:41:26 Image size of job updated: 82880
	79  -  MemoryUsage of job (MB)
	79892  -  ResidentSetSize of job (KB)
...
006 (16884157.000.000) 05/11 22:07:06 Image size of job updated: 83748
	79  -  MemoryUsage of job (MB)
	80728  -  ResidentSetSize of job (KB)
...
006 (16884157.000.000) 05/11 22:11:25 Image size of job updated: 1112424
	79  -  MemoryUsage of job (MB)
	80728  -  ResidentSetSize of job (KB)
...
005 (16884157.000.000) 05/11 22:11:25 Job terminated.
	(0) Abnormal termination (signal 11)
	(0) No core file
		Usr 0 07:29:37, Sys 0 00:00:48  -  Run Remote Usage
		Usr 0 00:00:00, Sys 0 00:00:00  -  Run Local Usage
		Usr 0 07:29:37, Sys 0 00:00:48  -  Total Remote Usage
		Usr 0 00:00:00, Sys 0 00:00:00  -  Total Local Usage
	0  -  Run Bytes Sent By Job
	0  -  Run Bytes Received By Job
	0  -  Total Bytes Sent By Job
	0  -  Total Bytes Received By Job
	Partitionable Resources :    Usage  Request Allocated
	   Cpus                 :                 1         1
	   Disk (KB)            :     1000     1000    437334
	   Memory (MB)          :       79        1       800
...
000 (16886934.000.000) 05/11 22:11:33 Job submitted from host: <10.14.0.19:28446?addrs=10.14.0.19-28446>
    DAG Node: da38b60a8658e41f219f03f457fd77b4
...
001 (16886934.000.000) 05/11 22:12:01 Job executing on host: <10.14.2.1:17769?addrs=10.14.2.1-17769>
...
006 (16886934.000.000) 05/11 22:12:06 Image size of job updated: 1000
	0  -  MemoryUsage of job (MB)
	0  -  ResidentSetSize of job (KB)
...
005 (16886934.000.000) 05/11 22:12:06 Job terminated.
	(1) Normal termination (return value 1)
		Usr 0 00:00:02, Sys 0 00:00:00  -  Run Remote Usage
		Usr 0 00:00:00, Sys 0 00:00:00  -  Run Local Usage
		Usr 0 00:00:02, Sys 0 00:00:00  -  Total Remote Usage
		Usr 0 00:00:00, Sys 0 00:00:00  -  Total Local Usage
	0  -  Run Bytes Sent By Job
	0  -  Run Bytes Received By Job
	0  -  Total Bytes Sent By Job
	0  -  Total Bytes Received By Job
	Partitionable Resources :    Usage  Request Allocated
	   Cpus                 :                 1         1
	   Disk (KB)            :     1000     1000    987227
	   Memory (MB)          :        0        1       700
...
