000 (16884155.000.000) 05/11 14:30:46 Job submitted from host: <10.14.0.19:28446?addrs=10.14.0.19-28446>
    DAG Node: aa505433cf11dee5c52e3d083d43d554
...
001 (16884155.000.000) 05/11 14:31:50 Job executing on host: <10.14.1.22:6542?addrs=10.14.1.22-6542>
...
006 (16884155.000.000) 05/11 14:31:58 Image size of job updated: 10756
	11  -  MemoryUsage of job (MB)
	10536  -  ResidentSetSize of job (KB)
...
006 (16884155.000.000) 05/11 14:36:58 Image size of job updated: 49888
	49  -  MemoryUsage of job (MB)
	49668  -  ResidentSetSize of job (KB)
...
006 (16884155.000.000) 05/11 14:41:58 Image size of job updated: 49944
	49  -  MemoryUsage of job (MB)
	49724  -  ResidentSetSize of job (KB)
...
006 (16884155.000.000) 05/11 14:46:59 Image size of job updated: 49968
	49  -  MemoryUsage of job (MB)
	49748  -  ResidentSetSize of job (KB)
...
006 (16884155.000.000) 05/11 14:51:59 Image size of job updated: 49988
	49  -  MemoryUsage of job (MB)
	49768  -  ResidentSetSize of job (KB)
...
006 (16884155.000.000) 05/11 14:56:59 Image size of job updated: 50012
	49  -  MemoryUsage of job (MB)
	49792  -  ResidentSetSize of job (KB)
...
006 (16884155.000.000) 05/11 15:02:00 Image size of job updated: 50028
	49  -  MemoryUsage of job (MB)
	49808  -  ResidentSetSize of job (KB)
...
006 (16884155.000.000) 05/11 15:07:01 Image size of job updated: 50052
	49  -  MemoryUsage of job (MB)
	49832  -  ResidentSetSize of job (KB)
...
006 (16884155.000.000) 05/11 15:12:01 Image size of job updated: 50072
	49  -  MemoryUsage of job (MB)
	49852  -  ResidentSetSize of job (KB)
...
006 (16884155.000.000) 05/11 15:17:02 Image size of job updated: 50096
	49  -  MemoryUsage of job (MB)
	49876  -  ResidentSetSize of job (KB)
...
006 (16884155.000.000) 05/11 15:22:03 Image size of job updated: 50120
	49  -  MemoryUsage of job (MB)
	49900  -  ResidentSetSize of job (KB)
...
006 (16884155.000.000) 05/11 15:27:03 Image size of job updated: 50140
	49  -  MemoryUsage of job (MB)
	49920  -  ResidentSetSize of job (KB)
...
006 (16884155.000.000) 05/11 15:32:03 Image size of job updated: 50164
	49  -  MemoryUsage of job (MB)
	49944  -  ResidentSetSize of job (KB)
...
006 (16884155.000.000) 05/11 15:37:04 Image size of job updated: 50188
	49  -  MemoryUsage of job (MB)
	49968  -  ResidentSetSize of job (KB)
...
006 (16884155.000.000) 05/11 15:42:04 Image size of job updated: 50216
	49  -  MemoryUsage of job (MB)
	49996  -  ResidentSetSize of job (KB)
...
006 (16884155.000.000) 05/11 15:47:04 Image size of job updated: 50240
	49  -  MemoryUsage of job (MB)
	50020  -  ResidentSetSize of job (KB)
...
006 (16884155.000.000) 05/11 15:52:05 Image size of job updated: 50268
	49  -  MemoryUsage of job (MB)
	50048  -  ResidentSetSize of job (KB)
...
006 (16884155.000.000) 05/11 15:57:06 Image size of job updated: 50292
	49  -  MemoryUsage of job (MB)
	50072  -  ResidentSetSize of job (KB)
...
006 (16884155.000.000) 05/11 16:02:06 Image size of job updated: 50316
	49  -  MemoryUsage of job (MB)
	50096  -  ResidentSetSize of job (KB)
...
006 (16884155.000.000) 05/11 16:07:07 Image size of job updated: 50344
	49  -  MemoryUsage of job (MB)
	50124  -  ResidentSetSize of job (KB)
...
006 (16884155.000.000) 05/11 16:12:08 Image size of job updated: 50368
	49  -  MemoryUsage of job (MB)
	50148  -  ResidentSetSize of job (KB)
...
006 (16884155.000.000) 05/11 16:17:08 Image size of job updated: 50392
	49  -  MemoryUsage of job (MB)
	50172  -  ResidentSetSize of job (KB)
...
006 (16884155.000.000) 05/11 16:22:08 Image size of job updated: 50420
	50  -  MemoryUsage of job (MB)
	50200  -  ResidentSetSize of job (KB)
...
006 (16884155.000.000) 05/11 16:27:09 Image size of job updated: 50440
	50  -  MemoryUsage of job (MB)
	50220  -  ResidentSetSize of job (KB)
...
006 (16884155.000.000) 05/11 16:32:09 Image size of job updated: 50484
	50  -  MemoryUsage of job (MB)
	50264  -  ResidentSetSize of job (KB)
...
006 (16884155.000.000) 05/11 16:37:09 Image size of job updated: 50556
	50  -  MemoryUsage of job (MB)
	50336  -  ResidentSetSize of job (KB)
...
006 (16884155.000.000) 05/11 16:42:11 Image size of job updated: 50624
	50  -  MemoryUsage of job (MB)
	50404  -  ResidentSetSize of job (KB)
...
006 (16884155.000.000) 05/11 16:47:11 Image size of job updated: 50700
	50  -  MemoryUsage of job (MB)
	50480  -  ResidentSetSize of job (KB)
...
006 (16884155.000.000) 05/11 16:52:11 Image size of job updated: 50768
	50  -  MemoryUsage of job (MB)
	50548  -  ResidentSetSize of job (KB)
...
006 (16884155.000.000) 05/11 16:57:12 Image size of job updated: 50832
	50  -  MemoryUsage of job (MB)
	50612  -  ResidentSetSize of job (KB)
...
006 (16884155.000.000) 05/11 17:02:13 Image size of job updated: 50900
	50  -  MemoryUsage of job (MB)
	50680  -  ResidentSetSize of job (KB)
...
006 (16884155.000.000) 05/11 17:07:13 Image size of job updated: 50968
	50  -  MemoryUsage of job (MB)
	50748  -  ResidentSetSize of job (KB)
...
006 (16884155.000.000) 05/11 17:12:14 Image size of job updated: 51044
	50  -  MemoryUsage of job (MB)
	50824  -  ResidentSetSize of job (KB)
...
006 (16884155.000.000) 05/11 17:17:15 Image size of job updated: 51108
	50  -  MemoryUsage of job (MB)
	50888  -  ResidentSetSize of job (KB)
...
006 (16884155.000.000) 05/11 17:22:15 Image size of job updated: 51172
	50  -  MemoryUsage of job (MB)
	50952  -  ResidentSetSize of job (KB)
...
006 (16884155.000.000) 05/11 17:27:15 Image size of job updated: 51208
	50  -  MemoryUsage of job (MB)
	50988  -  ResidentSetSize of job (KB)
...
006 (16884155.000.000) 05/11 17:32:16 Image size of job updated: 51236
	50  -  MemoryUsage of job (MB)
	51016  -  ResidentSetSize of job (KB)
...
006 (16884155.000.000) 05/11 17:37:16 Image size of job updated: 51260
	50  -  MemoryUsage of job (MB)
	51040  -  ResidentSetSize of job (KB)
...
006 (16884155.000.000) 05/11 17:42:16 Image size of job updated: 51284
	50  -  MemoryUsage of job (MB)
	51064  -  ResidentSetSize of job (KB)
...
006 (16884155.000.000) 05/11 17:47:17 Image size of job updated: 51312
	50  -  MemoryUsage of job (MB)
	51092  -  ResidentSetSize of job (KB)
...
006 (16884155.000.000) 05/11 17:52:18 Image size of job updated: 51336
	50  -  MemoryUsage of job (MB)
	51116  -  ResidentSetSize of job (KB)
...
006 (16884155.000.000) 05/11 17:57:18 Image size of job updated: 51360
	50  -  MemoryUsage of job (MB)
	51140  -  ResidentSetSize of job (KB)
...
006 (16884155.000.000) 05/11 18:02:19 Image size of job updated: 51388
	50  -  MemoryUsage of job (MB)
	51168  -  ResidentSetSize of job (KB)
...
006 (16884155.000.000) 05/11 18:07:20 Image size of job updated: 51412
	50  -  MemoryUsage of job (MB)
	51192  -  ResidentSetSize of job (KB)
...
006 (16884155.000.000) 05/11 18:12:20 Image size of job updated: 51436
	51  -  MemoryUsage of job (MB)
	51216  -  ResidentSetSize of job (KB)
...
006 (16884155.000.000) 05/11 18:17:20 Image size of job updated: 51464
	51  -  MemoryUsage of job (MB)
	51244  -  ResidentSetSize of job (KB)
...
006 (16884155.000.000) 05/11 18:22:21 Image size of job updated: 51488
	51  -  MemoryUsage of job (MB)
	51268  -  ResidentSetSize of job (KB)
...
006 (16884155.000.000) 05/11 18:27:21 Image size of job updated: 51512
	51  -  MemoryUsage of job (MB)
	51292  -  ResidentSetSize of job (KB)
...
006 (16884155.000.000) 05/11 18:32:21 Image size of job updated: 51540
	51  -  MemoryUsage of job (MB)
	51320  -  ResidentSetSize of job (KB)
...
006 (16884155.000.000) 05/11 18:37:22 Image size of job updated: 51556
	51  -  MemoryUsage of job (MB)
	51336  -  ResidentSetSize of job (KB)
...
006 (16884155.000.000) 05/11 18:42:23 Image size of job updated: 53012
	52  -  MemoryUsage of job (MB)
	52792  -  ResidentSetSize of job (KB)
...
006 (16884155.000.000) 05/11 18:47:12 Image size of job updated: 55756
	52  -  MemoryUsage of job (MB)
	52792  -  ResidentSetSize of job (KB)
...
005 (16884155.000.000) 05/11 18:47:12 Job terminated.
	(0) Abnormal termination (signal 11)
	(0) No core file
		Usr 0 04:05:59, Sys 0 00:00:58  -  Run Remote Usage
		Usr 0 00:00:00, Sys 0 00:00:00  -  Run Local Usage
		Usr 0 04:05:59, Sys 0 00:00:58  -  Total Remote Usage
		Usr 0 00:00:00, Sys 0 00:00:00  -  Total Local Usage
	0  -  Run Bytes Sent By Job
	0  -  Run Bytes Received By Job
	0  -  Total Bytes Sent By Job
	0  -  Total Bytes Received By Job
	Partitionable Resources :    Usage  Request Allocated
	   Cpus                 :                 1         1
	   Disk (KB)            :     1000     1000     40977
	   Memory (MB)          :       52        1         1
...
000 (16884345.000.000) 05/11 18:47:19 Job submitted from host: <10.14.0.19:28446?addrs=10.14.0.19-28446>
    DAG Node: aa505433cf11dee5c52e3d083d43d554
...
001 (16884345.000.000) 05/11 18:47:26 Job executing on host: <10.14.1.217:40307?addrs=10.14.1.217-40307>
...
006 (16884345.000.000) 05/11 18:47:31 Image size of job updated: 14412
	0  -  MemoryUsage of job (MB)
	0  -  ResidentSetSize of job (KB)
...
005 (16884345.000.000) 05/11 18:47:31 Job terminated.
	(1) Normal termination (return value 1)
		Usr 0 00:00:02, Sys 0 00:00:00  -  Run Remote Usage
		Usr 0 00:00:00, Sys 0 00:00:00  -  Run Local Usage
		Usr 0 00:00:02, Sys 0 00:00:00  -  Total Remote Usage
		Usr 0 00:00:00, Sys 0 00:00:00  -  Total Local Usage
	0  -  Run Bytes Sent By Job
	0  -  Run Bytes Received By Job
	0  -  Total Bytes Sent By Job
	0  -  Total Bytes Received By Job
	Partitionable Resources :    Usage  Request Allocated
	   Cpus                 :                 1         1
	   Disk (KB)            :     1000     1000    889349
	   Memory (MB)          :        0        1       700
...
